<?xml version="1.0" encoding="UTF-8"?>
<!-- Generated by org.testng.reporters.JUnitXMLReporter -->
<testsuite ignored="0" hostname="LAPTOP-U1L5J0SK" failures="0" tests="9" name="Default test" time="15.974" errors="0" timestamp="2023-07-23T21:47:52 IST">
  <testcase classname="api.test.DDTests" name="testPostUser" time="2.884"/>
  <testcase classname="api.test.DDTests" name="testPostUser" time="1.257"/>
  <testcase classname="api.test.DDTests" name="testPostUser" time="1.429"/>
  <testcase classname="api.test.DDTests" name="testGetUserByName" time="1.517"/>
  <testcase classname="api.test.DDTests" name="testGetUserByName" time="1.637"/>
  <testcase classname="api.test.DDTests" name="testGetUserByName" time="1.559"/>
  <testcase classname="api.test.DDTests" name="testDeleteUserByName" time="1.48"/>
  <testcase classname="api.test.DDTests" name="testDeleteUserByName" time="1.44"/>
  <testcase classname="api.test.DDTests" name="testDeleteUserByName" time="1.563"/>
</testsuite> <!-- Default test -->
