<?xml version="1.0" encoding="UTF-8"?>
<testng-results ignored="0" total="4" passed="4" failed="0" skipped="0">
  <reporter-output>
  </reporter-output>
  <suite started-at="2023-07-25T18:17:45 IST" name="PetSuite" finished-at="2023-07-25T18:17:54 IST" duration-ms="9164">
    <groups>
    </groups>
    <test started-at="2023-07-25T18:17:45 IST" name="PetTests" finished-at="2023-07-25T18:17:54 IST" duration-ms="9164">
      <class name="api.test.UserTests">
        <test-method is-config="true" signature="setUpData()[pri:0, instance:api.test.UserTests@4ddced80]" started-at="2023-07-25T18:17:45 IST" name="setUpData" finished-at="2023-07-25T18:17:45 IST" duration-ms="185" status="PASS">
          <reporter-output>
          </reporter-output>
        </test-method> <!-- setUpData -->
        <test-method signature="TestPostUser()[pri:1, instance:api.test.UserTests@4ddced80]" started-at="2023-07-25T18:17:45 IST" name="TestPostUser" finished-at="2023-07-25T18:17:48 IST" duration-ms="3301" status="PASS">
          <reporter-output>
          </reporter-output>
        </test-method> <!-- TestPostUser -->
        <test-method signature="testGetUserByName()[pri:2, instance:api.test.UserTests@4ddced80]" started-at="2023-07-25T18:17:48 IST" name="testGetUserByName" finished-at="2023-07-25T18:17:50 IST" duration-ms="1550" status="PASS">
          <reporter-output>
          </reporter-output>
        </test-method> <!-- testGetUserByName -->
        <test-method signature="testUpdateUserByName()[pri:3, instance:api.test.UserTests@4ddced80]" started-at="2023-07-25T18:17:50 IST" name="testUpdateUserByName" finished-at="2023-07-25T18:17:53 IST" duration-ms="2747" status="PASS">
          <reporter-output>
          </reporter-output>
        </test-method> <!-- testUpdateUserByName -->
        <test-method signature="testDeleteByUserName()[pri:4, instance:api.test.UserTests@4ddced80]" started-at="2023-07-25T18:17:53 IST" name="testDeleteByUserName" finished-at="2023-07-25T18:17:54 IST" duration-ms="1345" status="PASS">
          <reporter-output>
          </reporter-output>
        </test-method> <!-- testDeleteByUserName -->
      </class> <!-- api.test.UserTests -->
    </test> <!-- PetTests -->
  </suite> <!-- PetSuite -->
</testng-results>
