<?xml version="1.0" encoding="UTF-8"?>
<testng-results ignored="0" total="4" passed="4" failed="0" skipped="0">
  <reporter-output>
  </reporter-output>
  <suite started-at="2023-07-24T21:00:21 IST" name="PetSuite" finished-at="2023-07-24T21:00:36 IST" duration-ms="15661">
    <groups>
    </groups>
    <test started-at="2023-07-24T21:00:21 IST" name="PetTests" finished-at="2023-07-24T21:00:36 IST" duration-ms="15661">
      <class name="api.test.UserTests">
        <test-method is-config="true" signature="setUpData()[pri:0, instance:api.test.UserTests@20deea7f]" started-at="2023-07-24T21:00:21 IST" name="setUpData" finished-at="2023-07-24T21:00:21 IST" duration-ms="180" status="PASS">
          <reporter-output>
          </reporter-output>
        </test-method> <!-- setUpData -->
        <test-method signature="TestPostUser()[pri:1, instance:api.test.UserTests@20deea7f]" started-at="2023-07-24T21:00:21 IST" name="TestPostUser" finished-at="2023-07-24T21:00:24 IST" duration-ms="3335" status="PASS">
          <reporter-output>
          </reporter-output>
        </test-method> <!-- TestPostUser -->
        <test-method signature="testGetUserByName()[pri:2, instance:api.test.UserTests@20deea7f]" started-at="2023-07-24T21:00:24 IST" name="testGetUserByName" finished-at="2023-07-24T21:00:27 IST" duration-ms="3318" status="PASS">
          <reporter-output>
          </reporter-output>
        </test-method> <!-- testGetUserByName -->
        <test-method signature="testUpdateUserByName()[pri:3, instance:api.test.UserTests@20deea7f]" started-at="2023-07-24T21:00:27 IST" name="testUpdateUserByName" finished-at="2023-07-24T21:00:33 IST" duration-ms="5922" status="PASS">
          <reporter-output>
          </reporter-output>
        </test-method> <!-- testUpdateUserByName -->
        <test-method signature="testDeleteByUserName()[pri:4, instance:api.test.UserTests@20deea7f]" started-at="2023-07-24T21:00:33 IST" name="testDeleteByUserName" finished-at="2023-07-24T21:00:36 IST" duration-ms="2864" status="PASS">
          <reporter-output>
          </reporter-output>
        </test-method> <!-- testDeleteByUserName -->
      </class> <!-- api.test.UserTests -->
    </test> <!-- PetTests -->
  </suite> <!-- PetSuite -->
</testng-results>
