<?xml version="1.0" encoding="UTF-8"?>
<!-- Generated by org.testng.reporters.JUnitXMLReporter -->
<testsuite ignored="0" hostname="LAPTOP-U1L5J0SK" failures="0" tests="4" name="PetTests" time="9.164" errors="0" timestamp="2023-07-25T18:17:54 IST">
  <testcase classname="api.test.UserTests" name="TestPostUser" time="3.301"/>
  <testcase classname="api.test.UserTests" name="testGetUserByName" time="1.55"/>
  <testcase classname="api.test.UserTests" name="testUpdateUserByName" time="2.747"/>
  <testcase classname="api.test.UserTests" name="testDeleteByUserName" time="1.345"/>
</testsuite> <!-- PetTests -->
