<?xml version="1.0" encoding="UTF-8"?>
<!-- Generated by org.testng.reporters.JUnitXMLReporter -->
<testsuite ignored="0" hostname="LAPTOP-U1L5J0SK" failures="0" tests="4" name="PetTests" time="15.661" errors="0" timestamp="2023-07-24T21:00:36 IST">
  <testcase classname="api.test.UserTests" name="TestPostUser" time="3.335"/>
  <testcase classname="api.test.UserTests" name="testGetUserByName" time="3.318"/>
  <testcase classname="api.test.UserTests" name="testUpdateUserByName" time="5.922"/>
  <testcase classname="api.test.UserTests" name="testDeleteByUserName" time="2.864"/>
</testsuite> <!-- PetTests -->
